


ARM Macro Assembler    Page 1 


    1 00000000         ;/******************************************************
                       ********************//**
    2 00000000         ; * @file     startup_TM4C123.s
    3 00000000         ; * @brief    CMSIS Cortex-M4 Core Device Startup File f
                       or
    4 00000000         ; *           TI Tiva TM4C123 Blizzard Class Device
    5 00000000         ; * @version  V1.00
    6 00000000         ; * @date     15. May 2013
    7 00000000         ; *
    8 00000000         ; * @note
    9 00000000         ; * Copyright (C) 2011 ARM Limited. All rights reserved.
                       
   10 00000000         ; *
   11 00000000         ; * @par
   12 00000000         ; * ARM Limited (ARM) is supplying this software for use
                        with Cortex-M
   13 00000000         ; * processor based microcontrollers.  This file can be 
                       freely distributed
   14 00000000         ; * within development tools that are supporting such AR
                       M based processors.
   15 00000000         ; *
   16 00000000         ; * @par
   17 00000000         ; * THIS SOFTWARE IS PROVIDED "AS IS".  NO WARRANTIES, W
                       HETHER EXPRESS, IMPLIED
   18 00000000         ; * OR STATUTORY, INCLUDING, BUT NOT LIMITED TO, IMPLIED
                        WARRANTIES OF
   19 00000000         ; * MERCHANTABILITY AND FITNESS FOR A PARTICULAR PURPOSE
                        APPLY TO THIS SOFTWARE.
   20 00000000         ; * ARM SHALL NOT, IN ANY CIRCUMSTANCES, BE LIABLE FOR S
                       PECIAL, INCIDENTAL, OR
   21 00000000         ; * CONSEQUENTIAL DAMAGES, FOR ANY REASON WHATSOEVER.
   22 00000000         ; *
   23 00000000         ; ******************************************************
                       ************************/
   24 00000000         ;/*
   25 00000000         ;//-------- <<< Use Configuration Wizard in Context Menu
                        >>> ------------------
   26 00000000         ;*/
   27 00000000         
   28 00000000         
   29 00000000         ; <h> Stack Configuration
   30 00000000         ; <o> Stack Size (in Bytes) <0x0-0xFFFFFFFF:8>
   31 00000000         ; </h>
   32 00000000         
   33 00000000 00000400 
                       Stack_Size
                               EQU              0x00000400
   34 00000000         
   35 00000000                 AREA             STACK, NOINIT, READWRITE, ALIGN
=3
   36 00000000         Stack_Mem
                               SPACE            Stack_Size
   37 00000400         __initial_sp
   38 00000400         
   39 00000400         
   40 00000400         ; <h> Heap Configuration
   41 00000400         ;   <o>  Heap Size (in Bytes) <0x0-0xFFFFFFFF:8>
   42 00000400         ; </h>
   43 00000400         



ARM Macro Assembler    Page 2 


   44 00000400 00000400 
                       Heap_Size
                               EQU              0x00000400
   45 00000400         
   46 00000400                 AREA             HEAP, NOINIT, READWRITE, ALIGN=
3
   47 00000000         __heap_base
   48 00000000         Heap_Mem
                               SPACE            Heap_Size
   49 00000400         __heap_limit
   50 00000400         
   51 00000400         
   52 00000400                 PRESERVE8
   53 00000400                 THUMB
   54 00000400         
   55 00000400         
   56 00000400         ; Vector Table Mapped to Address 0 at Reset
   57 00000400         
   58 00000400                 AREA             RESET, DATA, READONLY
   59 00000000                 EXPORT           __Vectors
   60 00000000                 EXPORT           __Vectors_End
   61 00000000                 EXPORT           __Vectors_Size
   62 00000000         
   63 00000000 00000000 
                       __Vectors
                               DCD              __initial_sp ; Top of Stack
   64 00000004 00000000        DCD              Reset_Handler ; Reset Handler
   65 00000008 00000000        DCD              NMI_Handler ; NMI Handler
   66 0000000C 00000000        DCD              HardFault_Handler ; Hard Fault 
                                                            Handler
   67 00000010 00000000        DCD              MemManage_Handler 
                                                            ; MPU Fault Handler
                                                            
   68 00000014 00000000        DCD              BusFault_Handler 
                                                            ; Bus Fault Handler
                                                            
   69 00000018 00000000        DCD              UsageFault_Handler ; Usage Faul
                                                            t Handler
   70 0000001C 00000000        DCD              0           ; Reserved
   71 00000020 00000000        DCD              0           ; Reserved
   72 00000024 00000000        DCD              0           ; Reserved
   73 00000028 00000000        DCD              0           ; Reserved
   74 0000002C 00000000        DCD              SVC_Handler ; SVCall Handler
   75 00000030 00000000        DCD              DebugMon_Handler ; Debug Monito
                                                            r Handler
   76 00000034 00000000        DCD              0           ; Reserved
   77 00000038 00000000        DCD              PendSV_Handler ; PendSV Handler
                                                            
   78 0000003C 00000000        DCD              SysTick_Handler 
                                                            ; SysTick Handler
   79 00000040         
   80 00000040         ; External Interrupts
   81 00000040         
   82 00000040 00000000        DCD              GPIOA_Handler 
                                                            ;   0: GPIO Port A
   83 00000044 00000000        DCD              GPIOB_Handler 
                                                            ;   1: GPIO Port B
   84 00000048 00000000        DCD              GPIOC_Handler 
                                                            ;   2: GPIO Port C



ARM Macro Assembler    Page 3 


   85 0000004C 00000000        DCD              GPIOD_Handler 
                                                            ;   3: GPIO Port D
   86 00000050 00000000        DCD              GPIOE_Handler 
                                                            ;   4: GPIO Port E
   87 00000054 00000000        DCD              UART0_Handler ;   5: UART0 Rx a
                                                            nd Tx
   88 00000058 00000000        DCD              UART1_Handler ;   6: UART1 Rx a
                                                            nd Tx
   89 0000005C 00000000        DCD              SSI0_Handler ;   7: SSI0 Rx and
                                                             Tx
   90 00000060 00000000        DCD              I2C0_Handler ;   8: I2C0 Master
                                                             and Slave
   91 00000064 00000000        DCD              PMW0_FAULT_Handler 
                                                            ;   9: PWM Fault
   92 00000068 00000000        DCD              PWM0_0_Handler ;  10: PWM Gener
                                                            ator 0
   93 0000006C 00000000        DCD              PWM0_1_Handler ;  11: PWM Gener
                                                            ator 1
   94 00000070 00000000        DCD              PWM0_2_Handler ;  12: PWM Gener
                                                            ator 2
   95 00000074 00000000        DCD              QEI0_Handler ;  13: Quadrature 
                                                            Encoder 0
   96 00000078 00000000        DCD              ADC0SS0_Handler ;  14: ADC Sequ
                                                            ence 0
   97 0000007C 00000000        DCD              ADC0SS1_Handler ;  15: ADC Sequ
                                                            ence 1
   98 00000080 00000000        DCD              ADC0SS2_Handler ;  16: ADC Sequ
                                                            ence 2
   99 00000084 00000000        DCD              ADC0SS3_Handler ;  17: ADC Sequ
                                                            ence 3
  100 00000088 00000000        DCD              WDT0_Handler ;  18: Watchdog ti
                                                            mer
  101 0000008C 00000000        DCD              TIMER0A_Handler ;  19: Timer 0 
                                                            subtimer A
  102 00000090 00000000        DCD              TIMER0B_Handler ;  20: Timer 0 
                                                            subtimer B
  103 00000094 00000000        DCD              TIMER1A_Handler ;  21: Timer 1 
                                                            subtimer A
  104 00000098 00000000        DCD              TIMER1B_Handler ;  22: Timer 1 
                                                            subtimer B
  105 0000009C 00000000        DCD              TIMER2A_Handler ;  23: Timer 2 
                                                            subtimer A
  106 000000A0 00000000        DCD              TIMER2B_Handler ;  24: Timer 2 
                                                            subtimer B
  107 000000A4 00000000        DCD              COMP0_Handler ;  25: Analog Com
                                                            parator 0
  108 000000A8 00000000        DCD              COMP1_Handler ;  26: Analog Com
                                                            parator 1
  109 000000AC 00000000        DCD              COMP2_Handler ;  27: Analog Com
                                                            parator 2
  110 000000B0 00000000        DCD              SYSCTL_Handler ;  28: System Co
                                                            ntrol (PLL, OSC, BO
                                                            )
  111 000000B4 00000000        DCD              FLASH_Handler ;  29: FLASH Cont
                                                            rol
  112 000000B8 00000000        DCD              GPIOF_Handler 
                                                            ;  30: GPIO Port F
  113 000000BC 00000000        DCD              GPIOG_Handler 
                                                            ;  31: GPIO Port G



ARM Macro Assembler    Page 4 


  114 000000C0 00000000        DCD              GPIOH_Handler 
                                                            ;  32: GPIO Port H
  115 000000C4 00000000        DCD              UART2_Handler ;  33: UART2 Rx a
                                                            nd Tx
  116 000000C8 00000000        DCD              SSI1_Handler ;  34: SSI1 Rx and
                                                             Tx
  117 000000CC 00000000        DCD              TIMER3A_Handler ;  35: Timer 3 
                                                            subtimer A
  118 000000D0 00000000        DCD              TIMER3B_Handler ;  36: Timer 3 
                                                            subtimer B
  119 000000D4 00000000        DCD              I2C1_Handler ;  37: I2C1 Master
                                                             and Slave
  120 000000D8 00000000        DCD              QEI1_Handler ;  38: Quadrature 
                                                            Encoder 1
  121 000000DC 00000000        DCD              CAN0_Handler ;  39: CAN0
  122 000000E0 00000000        DCD              CAN1_Handler ;  40: CAN1
  123 000000E4 00000000        DCD              CAN2_Handler ;  41: CAN2
  124 000000E8 00000000        DCD              0           ;  42: Reserved
  125 000000EC 00000000        DCD              HIB_Handler ;  43: Hibernate
  126 000000F0 00000000        DCD              USB0_Handler ;  44: USB0
  127 000000F4 00000000        DCD              PWM0_3_Handler ;  45: PWM Gener
                                                            ator 3
  128 000000F8 00000000        DCD              UDMA_Handler ;  46: uDMA Softwa
                                                            re Transfer
  129 000000FC 00000000        DCD              UDMAERR_Handler 
                                                            ;  47: uDMA Error
  130 00000100 00000000        DCD              ADC1SS0_Handler ;  48: ADC1 Seq
                                                            uence 0
  131 00000104 00000000        DCD              ADC1SS1_Handler ;  49: ADC1 Seq
                                                            uence 1
  132 00000108 00000000        DCD              ADC1SS2_Handler ;  50: ADC1 Seq
                                                            uence 2
  133 0000010C 00000000        DCD              ADC1SS3_Handler ;  51: ADC1 Seq
                                                            uence 3
  134 00000110 00000000        DCD              0           ;  52: Reserved
  135 00000114 00000000        DCD              0           ;  53: Reserved
  136 00000118 00000000        DCD              GPIOJ_Handler 
                                                            ;  54: GPIO Port J
  137 0000011C 00000000        DCD              GPIOK_Handler 
                                                            ;  55: GPIO Port K
  138 00000120 00000000        DCD              GPIOL_Handler 
                                                            ;  56: GPIO Port L
  139 00000124 00000000        DCD              SSI2_Handler ;  57: SSI2 Rx and
                                                             Tx
  140 00000128 00000000        DCD              SSI3_Handler ;  58: SSI3 Rx and
                                                             Tx
  141 0000012C 00000000        DCD              UART3_Handler ;  59: UART3 Rx a
                                                            nd Tx
  142 00000130 00000000        DCD              UART4_Handler ;  60: UART4 Rx a
                                                            nd Tx
  143 00000134 00000000        DCD              UART5_Handler ;  61: UART5 Rx a
                                                            nd Tx
  144 00000138 00000000        DCD              UART6_Handler ;  62: UART6 Rx a
                                                            nd Tx
  145 0000013C 00000000        DCD              UART7_Handler ;  63: UART7 Rx a
                                                            nd Tx
  146 00000140 00000000        DCD              0           ;  64: Reserved
  147 00000144 00000000        DCD              0           ;  65: Reserved
  148 00000148 00000000        DCD              0           ;  66: Reserved



ARM Macro Assembler    Page 5 


  149 0000014C 00000000        DCD              0           ;  67: Reserved
  150 00000150 00000000        DCD              I2C2_Handler ;  68: I2C2 Master
                                                             and Slave
  151 00000154 00000000        DCD              I2C3_Handler ;  69: I2C3 Master
                                                             and Slave
  152 00000158 00000000        DCD              TIMER4A_Handler ;  70: Timer 4 
                                                            subtimer A
  153 0000015C 00000000        DCD              TIMER4B_Handler ;  71: Timer 4 
                                                            subtimer B
  154 00000160 00000000        DCD              0           ;  72: Reserved
  155 00000164 00000000        DCD              0           ;  73: Reserved
  156 00000168 00000000        DCD              0           ;  74: Reserved
  157 0000016C 00000000        DCD              0           ;  75: Reserved
  158 00000170 00000000        DCD              0           ;  76: Reserved
  159 00000174 00000000        DCD              0           ;  77: Reserved
  160 00000178 00000000        DCD              0           ;  78: Reserved
  161 0000017C 00000000        DCD              0           ;  79: Reserved
  162 00000180 00000000        DCD              0           ;  80: Reserved
  163 00000184 00000000        DCD              0           ;  81: Reserved
  164 00000188 00000000        DCD              0           ;  82: Reserved
  165 0000018C 00000000        DCD              0           ;  83: Reserved
  166 00000190 00000000        DCD              0           ;  84: Reserved
  167 00000194 00000000        DCD              0           ;  85: Reserved
  168 00000198 00000000        DCD              0           ;  86: Reserved
  169 0000019C 00000000        DCD              0           ;  87: Reserved
  170 000001A0 00000000        DCD              0           ;  88: Reserved
  171 000001A4 00000000        DCD              0           ;  89: Reserved
  172 000001A8 00000000        DCD              0           ;  90: Reserved
  173 000001AC 00000000        DCD              0           ;  91: Reserved
  174 000001B0 00000000        DCD              TIMER5A_Handler ;  92: Timer 5 
                                                            subtimer A
  175 000001B4 00000000        DCD              TIMER5B_Handler ;  93: Timer 5 
                                                            subtimer B
  176 000001B8 00000000        DCD              WTIMER0A_Handler ;  94: Wide Ti
                                                            mer 0 subtimer A
  177 000001BC 00000000        DCD              WTIMER0B_Handler ;  95: Wide Ti
                                                            mer 0 subtimer B
  178 000001C0 00000000        DCD              WTIMER1A_Handler ;  96: Wide Ti
                                                            mer 1 subtimer A
  179 000001C4 00000000        DCD              WTIMER1B_Handler ;  97: Wide Ti
                                                            mer 1 subtimer B
  180 000001C8 00000000        DCD              WTIMER2A_Handler ;  98: Wide Ti
                                                            mer 2 subtimer A
  181 000001CC 00000000        DCD              WTIMER2B_Handler ;  99: Wide Ti
                                                            mer 2 subtimer B
  182 000001D0 00000000        DCD              WTIMER3A_Handler ; 100: Wide Ti
                                                            mer 3 subtimer A
  183 000001D4 00000000        DCD              WTIMER3B_Handler ; 101: Wide Ti
                                                            mer 3 subtimer B
  184 000001D8 00000000        DCD              WTIMER4A_Handler ; 102: Wide Ti
                                                            mer 4 subtimer A
  185 000001DC 00000000        DCD              WTIMER4B_Handler ; 103: Wide Ti
                                                            mer 4 subtimer B
  186 000001E0 00000000        DCD              WTIMER5A_Handler ; 104: Wide Ti
                                                            mer 5 subtimer A
  187 000001E4 00000000        DCD              WTIMER5B_Handler ; 105: Wide Ti
                                                            mer 5 subtimer B
  188 000001E8 00000000        DCD              FPU_Handler ; 106: FPU
  189 000001EC 00000000        DCD              0           ; 107: Reserved



ARM Macro Assembler    Page 6 


  190 000001F0 00000000        DCD              0           ; 108: Reserved
  191 000001F4 00000000        DCD              I2C4_Handler ; 109: I2C4 Master
                                                             and Slave
  192 000001F8 00000000        DCD              I2C5_Handler ; 110: I2C5 Master
                                                             and Slave
  193 000001FC 00000000        DCD              GPIOM_Handler 
                                                            ; 111: GPIO Port M
  194 00000200 00000000        DCD              GPION_Handler 
                                                            ; 112: GPIO Port N
  195 00000204 00000000        DCD              QEI2_Handler ; 113: Quadrature 
                                                            Encoder 2
  196 00000208 00000000        DCD              0           ; 114: Reserved
  197 0000020C 00000000        DCD              0           ; 115: Reserved
  198 00000210 00000000        DCD              GPIOP0_Handler ; 116: GPIO Port
                                                             P (Summary or P0)
  199 00000214 00000000        DCD              GPIOP1_Handler 
                                                            ; 117: GPIO Port P1
                                                            
  200 00000218 00000000        DCD              GPIOP2_Handler 
                                                            ; 118: GPIO Port P2
                                                            
  201 0000021C 00000000        DCD              GPIOP3_Handler 
                                                            ; 119: GPIO Port P3
                                                            
  202 00000220 00000000        DCD              GPIOP4_Handler 
                                                            ; 120: GPIO Port P4
                                                            
  203 00000224 00000000        DCD              GPIOP5_Handler 
                                                            ; 121: GPIO Port P5
                                                            
  204 00000228 00000000        DCD              GPIOP6_Handler 
                                                            ; 122: GPIO Port P6
                                                            
  205 0000022C 00000000        DCD              GPIOP7_Handler 
                                                            ; 123: GPIO Port P7
                                                            
  206 00000230 00000000        DCD              GPIOQ0_Handler ; 124: GPIO Port
                                                             Q (Summary or Q0)
  207 00000234 00000000        DCD              GPIOQ1_Handler 
                                                            ; 125: GPIO Port Q1
                                                            
  208 00000238 00000000        DCD              GPIOQ2_Handler 
                                                            ; 126: GPIO Port Q2
                                                            
  209 0000023C 00000000        DCD              GPIOQ3_Handler 
                                                            ; 127: GPIO Port Q3
                                                            
  210 00000240 00000000        DCD              GPIOQ4_Handler 
                                                            ; 128: GPIO Port Q4
                                                            
  211 00000244 00000000        DCD              GPIOQ5_Handler 
                                                            ; 129: GPIO Port Q5
                                                            
  212 00000248 00000000        DCD              GPIOQ6_Handler 
                                                            ; 130: GPIO Port Q6
                                                            
  213 0000024C 00000000        DCD              GPIOQ7_Handler 
                                                            ; 131: GPIO Port Q7
                                                            



ARM Macro Assembler    Page 7 


  214 00000250 00000000        DCD              GPIOR_Handler 
                                                            ; 132: GPIO Port R
  215 00000254 00000000        DCD              GPIOS_Handler 
                                                            ; 133: GPIO Port S
  216 00000258 00000000        DCD              PMW1_0_Handler ; 134: PWM 1 Gen
                                                            erator 0
  217 0000025C 00000000        DCD              PWM1_1_Handler ; 135: PWM 1 Gen
                                                            erator 1
  218 00000260 00000000        DCD              PWM1_2_Handler ; 136: PWM 1 Gen
                                                            erator 2
  219 00000264 00000000        DCD              PWM1_3_Handler ; 137: PWM 1 Gen
                                                            erator 3
  220 00000268 00000000        DCD              PWM1_FAULT_Handler 
                                                            ; 138: PWM 1 Fault
  221 0000026C         
  222 0000026C         __Vectors_End
  223 0000026C         
  224 0000026C 0000026C 
                       __Vectors_Size
                               EQU              __Vectors_End - __Vectors
  225 0000026C         
  226 0000026C                 AREA             |.text|, CODE, READONLY
  227 00000000         
  228 00000000         
  229 00000000         ; Reset Handler
  230 00000000         
  231 00000000         Reset_Handler
                               PROC
  232 00000000                 EXPORT           Reset_Handler             [WEAK
]
  233 00000000         ;    IMPORT  SystemInit
  234 00000000                 IMPORT           __main
  235 00000000         ;    LDR     R0, =SystemInit
  236 00000000         ;    BLX     R0
  237 00000000 4844            LDR              R0, =__main
  238 00000002 4700            BX               R0
  239 00000004                 ENDP
  240 00000004         
  241 00000004         ;*******************************************************
                       ***********************
  242 00000004         ;
  243 00000004         ; Useful functions.
  244 00000004         ;
  245 00000004         ;*******************************************************
                       ***********************
  246 00000004         
  247 00000004         ;*********** DisableInterrupts ***************
  248 00000004         ; disable interrupts
  249 00000004         ; inputs:  none
  250 00000004         ; outputs: none
  251 00000004         DisableInterrupts
                               PROC
  252 00000004                 EXPORT           DisableInterrupts
  253 00000004 B672            CPSID            I
  254 00000006 4770            BX               LR
  255 00000008                 ENDP
  256 00000008         
  257 00000008         ;*********** EnableInterrupts ***************
  258 00000008         ; disable interrupts



ARM Macro Assembler    Page 8 


  259 00000008         ; inputs:  none
  260 00000008         ; outputs: none
  261 00000008         EnableInterrupts
                               PROC
  262 00000008                 EXPORT           EnableInterrupts
  263 00000008 B662            CPSIE            I
  264 0000000A 4770            BX               LR
  265 0000000C                 ENDP
  266 0000000C         
  267 0000000C         ;*********** StartCritical ************************
  268 0000000C         ; make a copy of previous I bit, disable interrupts
  269 0000000C         ; inputs:  none
  270 0000000C         ; outputs: previous I bit
  271 0000000C         StartCritical
                               PROC
  272 0000000C                 EXPORT           StartCritical
  273 0000000C F3EF 8010       MRS              R0, PRIMASK ; save old status
  274 00000010 B672            CPSID            I           ; mask all (except 
                                                            faults)
  275 00000012 4770            BX               LR
  276 00000014                 ENDP
  277 00000014         
  278 00000014         ;*********** EndCritical ************************
  279 00000014         ; using the copy of previous I bit, restore I bit to pre
                       vious value
  280 00000014         ; inputs:  previous I bit
  281 00000014         ; outputs: none
  282 00000014         EndCritical
                               PROC
  283 00000014                 EXPORT           EndCritical
  284 00000014 F380 8810       MSR              PRIMASK, R0
  285 00000018 4770            BX               LR
  286 0000001A                 ENDP
  287 0000001A         
  288 0000001A         ;*********** WaitForInterrupt ************************
  289 0000001A         ; go to low power mode while waiting for the next interr
                       upt
  290 0000001A         ; inputs:  none
  291 0000001A         ; outputs: none
  292 0000001A         WaitForInterrupt
                               PROC
  293 0000001A                 EXPORT           WaitForInterrupt
  294 0000001A BF30            WFI
  295 0000001C 4770            BX               LR
  296 0000001E                 ENDP
  297 0000001E         
  298 0000001E         ; Dummy Exception Handlers (infinite loops which can be 
                       modified)
  299 0000001E         
  300 0000001E         NMI_Handler
                               PROC
  301 0000001E                 EXPORT           NMI_Handler               [WEAK
]
  302 0000001E E7FE            B                .
  303 00000020                 ENDP
  305 00000020         HardFault_Handler
                               PROC
  306 00000020                 EXPORT           HardFault_Handler         [WEAK
]



ARM Macro Assembler    Page 9 


  307 00000020 E7FE            B                .
  308 00000022                 ENDP
  310 00000022         MemManage_Handler
                               PROC
  311 00000022                 EXPORT           MemManage_Handler         [WEAK
]
  312 00000022 E7FE            B                .
  313 00000024                 ENDP
  315 00000024         BusFault_Handler
                               PROC
  316 00000024                 EXPORT           BusFault_Handler          [WEAK
]
  317 00000024 E7FE            B                .
  318 00000026                 ENDP
  320 00000026         UsageFault_Handler
                               PROC
  321 00000026                 EXPORT           UsageFault_Handler        [WEAK
]
  322 00000026 E7FE            B                .
  323 00000028                 ENDP
  324 00000028         SVC_Handler
                               PROC
  325 00000028                 EXPORT           SVC_Handler               [WEAK
]
  326 00000028 E7FE            B                .
  327 0000002A                 ENDP
  329 0000002A         DebugMon_Handler
                               PROC
  330 0000002A                 EXPORT           DebugMon_Handler          [WEAK
]
  331 0000002A E7FE            B                .
  332 0000002C                 ENDP
  334 0000002C         PendSV_Handler
                               PROC
  335 0000002C                 EXPORT           PendSV_Handler            [WEAK
]
  336 0000002C E7FE            B                .
  337 0000002E                 ENDP
  339 0000002E         SysTick_Handler
                               PROC
  340 0000002E                 EXPORT           SysTick_Handler           [WEAK
]
  341 0000002E E7FE            B                .
  342 00000030                 ENDP
  343 00000030         
  345 00000030         GPIOA_Handler
                               PROC
  346 00000030                 EXPORT           GPIOA_Handler [WEAK]
  347 00000030 E7FE            B                .
  348 00000032                 ENDP
  349 00000032         
  351 00000032         GPIOB_Handler
                               PROC
  352 00000032                 EXPORT           GPIOB_Handler [WEAK]
  353 00000032 E7FE            B                .
  354 00000034                 ENDP
  355 00000034         
  357 00000034         GPIOC_Handler
                               PROC



ARM Macro Assembler    Page 10 


  358 00000034                 EXPORT           GPIOC_Handler [WEAK]
  359 00000034 E7FE            B                .
  360 00000036                 ENDP
  361 00000036         
  363 00000036         GPIOD_Handler
                               PROC
  364 00000036                 EXPORT           GPIOD_Handler [WEAK]
  365 00000036 E7FE            B                .
  366 00000038                 ENDP
  367 00000038         
  369 00000038         GPIOE_Handler
                               PROC
  370 00000038                 EXPORT           GPIOE_Handler [WEAK]
  371 00000038 E7FE            B                .
  372 0000003A                 ENDP
  373 0000003A         
  375 0000003A         UART0_Handler
                               PROC
  376 0000003A                 EXPORT           UART0_Handler [WEAK]
  377 0000003A E7FE            B                .
  378 0000003C                 ENDP
  379 0000003C         
  381 0000003C         UART1_Handler
                               PROC
  382 0000003C                 EXPORT           UART1_Handler [WEAK]
  383 0000003C E7FE            B                .
  384 0000003E                 ENDP
  385 0000003E         
  387 0000003E         SSI0_Handler
                               PROC
  388 0000003E                 EXPORT           SSI0_Handler [WEAK]
  389 0000003E E7FE            B                .
  390 00000040                 ENDP
  391 00000040         
  393 00000040         I2C0_Handler
                               PROC
  394 00000040                 EXPORT           I2C0_Handler [WEAK]
  395 00000040 E7FE            B                .
  396 00000042                 ENDP
  397 00000042         
  399 00000042         PMW0_FAULT_Handler
                               PROC
  400 00000042                 EXPORT           PMW0_FAULT_Handler [WEAK]
  401 00000042 E7FE            B                .
  402 00000044                 ENDP
  403 00000044         
  405 00000044         PWM0_0_Handler
                               PROC
  406 00000044                 EXPORT           PWM0_0_Handler [WEAK]
  407 00000044 E7FE            B                .
  408 00000046                 ENDP
  409 00000046         
  411 00000046         PWM0_1_Handler
                               PROC
  412 00000046                 EXPORT           PWM0_1_Handler [WEAK]
  413 00000046 E7FE            B                .
  414 00000048                 ENDP
  415 00000048         
  417 00000048         PWM0_2_Handler



ARM Macro Assembler    Page 11 


                               PROC
  418 00000048                 EXPORT           PWM0_2_Handler [WEAK]
  419 00000048 E7FE            B                .
  420 0000004A                 ENDP
  421 0000004A         
  423 0000004A         QEI0_Handler
                               PROC
  424 0000004A                 EXPORT           QEI0_Handler [WEAK]
  425 0000004A E7FE            B                .
  426 0000004C                 ENDP
  427 0000004C         
  429 0000004C         ADC0SS0_Handler
                               PROC
  430 0000004C                 EXPORT           ADC0SS0_Handler [WEAK]
  431 0000004C E7FE            B                .
  432 0000004E                 ENDP
  433 0000004E         
  435 0000004E         ADC0SS1_Handler
                               PROC
  436 0000004E                 EXPORT           ADC0SS1_Handler [WEAK]
  437 0000004E E7FE            B                .
  438 00000050                 ENDP
  439 00000050         
  441 00000050         ADC0SS2_Handler
                               PROC
  442 00000050                 EXPORT           ADC0SS2_Handler [WEAK]
  443 00000050 E7FE            B                .
  444 00000052                 ENDP
  445 00000052         
  447 00000052         ADC0SS3_Handler
                               PROC
  448 00000052                 EXPORT           ADC0SS3_Handler [WEAK]
  449 00000052 E7FE            B                .
  450 00000054                 ENDP
  451 00000054         
  453 00000054         WDT0_Handler
                               PROC
  454 00000054                 EXPORT           WDT0_Handler [WEAK]
  455 00000054 E7FE            B                .
  456 00000056                 ENDP
  457 00000056         
  459 00000056         TIMER0A_Handler
                               PROC
  460 00000056                 EXPORT           TIMER0A_Handler [WEAK]
  461 00000056 E7FE            B                .
  462 00000058                 ENDP
  463 00000058         
  465 00000058         TIMER0B_Handler
                               PROC
  466 00000058                 EXPORT           TIMER0B_Handler [WEAK]
  467 00000058 E7FE            B                .
  468 0000005A                 ENDP
  469 0000005A         
  471 0000005A         TIMER1A_Handler
                               PROC
  472 0000005A                 EXPORT           TIMER1A_Handler [WEAK]
  473 0000005A E7FE            B                .
  474 0000005C                 ENDP
  475 0000005C         



ARM Macro Assembler    Page 12 


  477 0000005C         TIMER1B_Handler
                               PROC
  478 0000005C                 EXPORT           TIMER1B_Handler [WEAK]
  479 0000005C E7FE            B                .
  480 0000005E                 ENDP
  481 0000005E         
  483 0000005E         TIMER2A_Handler
                               PROC
  484 0000005E                 EXPORT           TIMER2A_Handler [WEAK]
  485 0000005E E7FE            B                .
  486 00000060                 ENDP
  487 00000060         
  489 00000060         TIMER2B_Handler
                               PROC
  490 00000060                 EXPORT           TIMER2B_Handler [WEAK]
  491 00000060 E7FE            B                .
  492 00000062                 ENDP
  493 00000062         
  495 00000062         COMP0_Handler
                               PROC
  496 00000062                 EXPORT           COMP0_Handler [WEAK]
  497 00000062 E7FE            B                .
  498 00000064                 ENDP
  499 00000064         
  501 00000064         COMP1_Handler
                               PROC
  502 00000064                 EXPORT           COMP1_Handler [WEAK]
  503 00000064 E7FE            B                .
  504 00000066                 ENDP
  505 00000066         
  507 00000066         COMP2_Handler
                               PROC
  508 00000066                 EXPORT           COMP2_Handler [WEAK]
  509 00000066 E7FE            B                .
  510 00000068                 ENDP
  511 00000068         
  513 00000068         SYSCTL_Handler
                               PROC
  514 00000068                 EXPORT           SYSCTL_Handler [WEAK]
  515 00000068 E7FE            B                .
  516 0000006A                 ENDP
  517 0000006A         
  519 0000006A         FLASH_Handler
                               PROC
  520 0000006A                 EXPORT           FLASH_Handler [WEAK]
  521 0000006A E7FE            B                .
  522 0000006C                 ENDP
  523 0000006C         
  525 0000006C         GPIOF_Handler
                               PROC
  526 0000006C                 EXPORT           GPIOF_Handler [WEAK]
  527 0000006C E7FE            B                .
  528 0000006E                 ENDP
  529 0000006E         
  531 0000006E         GPIOG_Handler
                               PROC
  532 0000006E                 EXPORT           GPIOG_Handler [WEAK]
  533 0000006E E7FE            B                .
  534 00000070                 ENDP



ARM Macro Assembler    Page 13 


  535 00000070         
  537 00000070         GPIOH_Handler
                               PROC
  538 00000070                 EXPORT           GPIOH_Handler [WEAK]
  539 00000070 E7FE            B                .
  540 00000072                 ENDP
  541 00000072         
  543 00000072         UART2_Handler
                               PROC
  544 00000072                 EXPORT           UART2_Handler [WEAK]
  545 00000072 E7FE            B                .
  546 00000074                 ENDP
  547 00000074         
  549 00000074         SSI1_Handler
                               PROC
  550 00000074                 EXPORT           SSI1_Handler [WEAK]
  551 00000074 E7FE            B                .
  552 00000076                 ENDP
  553 00000076         
  555 00000076         TIMER3A_Handler
                               PROC
  556 00000076                 EXPORT           TIMER3A_Handler [WEAK]
  557 00000076 E7FE            B                .
  558 00000078                 ENDP
  559 00000078         
  561 00000078         TIMER3B_Handler
                               PROC
  562 00000078                 EXPORT           TIMER3B_Handler [WEAK]
  563 00000078 E7FE            B                .
  564 0000007A                 ENDP
  565 0000007A         
  567 0000007A         I2C1_Handler
                               PROC
  568 0000007A                 EXPORT           I2C1_Handler [WEAK]
  569 0000007A E7FE            B                .
  570 0000007C                 ENDP
  571 0000007C         
  573 0000007C         QEI1_Handler
                               PROC
  574 0000007C                 EXPORT           QEI1_Handler [WEAK]
  575 0000007C E7FE            B                .
  576 0000007E                 ENDP
  577 0000007E         
  579 0000007E         CAN0_Handler
                               PROC
  580 0000007E                 EXPORT           CAN0_Handler [WEAK]
  581 0000007E E7FE            B                .
  582 00000080                 ENDP
  583 00000080         
  585 00000080         CAN1_Handler
                               PROC
  586 00000080                 EXPORT           CAN1_Handler [WEAK]
  587 00000080 E7FE            B                .
  588 00000082                 ENDP
  589 00000082         
  591 00000082         CAN2_Handler
                               PROC
  592 00000082                 EXPORT           CAN2_Handler [WEAK]
  593 00000082 E7FE            B                .



ARM Macro Assembler    Page 14 


  594 00000084                 ENDP
  595 00000084         
  597 00000084         HIB_Handler
                               PROC
  598 00000084                 EXPORT           HIB_Handler [WEAK]
  599 00000084 E7FE            B                .
  600 00000086                 ENDP
  601 00000086         
  603 00000086         USB0_Handler
                               PROC
  604 00000086                 EXPORT           USB0_Handler [WEAK]
  605 00000086 E7FE            B                .
  606 00000088                 ENDP
  607 00000088         
  609 00000088         PWM0_3_Handler
                               PROC
  610 00000088                 EXPORT           PWM0_3_Handler [WEAK]
  611 00000088 E7FE            B                .
  612 0000008A                 ENDP
  613 0000008A         
  615 0000008A         UDMA_Handler
                               PROC
  616 0000008A                 EXPORT           UDMA_Handler [WEAK]
  617 0000008A E7FE            B                .
  618 0000008C                 ENDP
  619 0000008C         
  621 0000008C         UDMAERR_Handler
                               PROC
  622 0000008C                 EXPORT           UDMAERR_Handler [WEAK]
  623 0000008C E7FE            B                .
  624 0000008E                 ENDP
  625 0000008E         
  627 0000008E         ADC1SS0_Handler
                               PROC
  628 0000008E                 EXPORT           ADC1SS0_Handler [WEAK]
  629 0000008E E7FE            B                .
  630 00000090                 ENDP
  631 00000090         
  633 00000090         ADC1SS1_Handler
                               PROC
  634 00000090                 EXPORT           ADC1SS1_Handler [WEAK]
  635 00000090 E7FE            B                .
  636 00000092                 ENDP
  637 00000092         
  639 00000092         ADC1SS2_Handler
                               PROC
  640 00000092                 EXPORT           ADC1SS2_Handler [WEAK]
  641 00000092 E7FE            B                .
  642 00000094                 ENDP
  643 00000094         
  645 00000094         ADC1SS3_Handler
                               PROC
  646 00000094                 EXPORT           ADC1SS3_Handler [WEAK]
  647 00000094 E7FE            B                .
  648 00000096                 ENDP
  649 00000096         
  651 00000096         GPIOJ_Handler
                               PROC
  652 00000096                 EXPORT           GPIOJ_Handler [WEAK]



ARM Macro Assembler    Page 15 


  653 00000096 E7FE            B                .
  654 00000098                 ENDP
  655 00000098         
  657 00000098         GPIOK_Handler
                               PROC
  658 00000098                 EXPORT           GPIOK_Handler [WEAK]
  659 00000098 E7FE            B                .
  660 0000009A                 ENDP
  661 0000009A         
  663 0000009A         GPIOL_Handler
                               PROC
  664 0000009A                 EXPORT           GPIOL_Handler [WEAK]
  665 0000009A E7FE            B                .
  666 0000009C                 ENDP
  667 0000009C         
  669 0000009C         SSI2_Handler
                               PROC
  670 0000009C                 EXPORT           SSI2_Handler [WEAK]
  671 0000009C E7FE            B                .
  672 0000009E                 ENDP
  673 0000009E         
  675 0000009E         SSI3_Handler
                               PROC
  676 0000009E                 EXPORT           SSI3_Handler [WEAK]
  677 0000009E E7FE            B                .
  678 000000A0                 ENDP
  679 000000A0         
  681 000000A0         UART3_Handler
                               PROC
  682 000000A0                 EXPORT           UART3_Handler [WEAK]
  683 000000A0 E7FE            B                .
  684 000000A2                 ENDP
  685 000000A2         
  687 000000A2         UART4_Handler
                               PROC
  688 000000A2                 EXPORT           UART4_Handler [WEAK]
  689 000000A2 E7FE            B                .
  690 000000A4                 ENDP
  691 000000A4         
  693 000000A4         UART5_Handler
                               PROC
  694 000000A4                 EXPORT           UART5_Handler [WEAK]
  695 000000A4 E7FE            B                .
  696 000000A6                 ENDP
  697 000000A6         
  699 000000A6         UART6_Handler
                               PROC
  700 000000A6                 EXPORT           UART6_Handler [WEAK]
  701 000000A6 E7FE            B                .
  702 000000A8                 ENDP
  703 000000A8         
  705 000000A8         UART7_Handler
                               PROC
  706 000000A8                 EXPORT           UART7_Handler [WEAK]
  707 000000A8 E7FE            B                .
  708 000000AA                 ENDP
  709 000000AA         
  711 000000AA         I2C2_Handler
                               PROC



ARM Macro Assembler    Page 16 


  712 000000AA                 EXPORT           I2C2_Handler [WEAK]
  713 000000AA E7FE            B                .
  714 000000AC                 ENDP
  715 000000AC         
  717 000000AC         I2C3_Handler
                               PROC
  718 000000AC                 EXPORT           I2C3_Handler [WEAK]
  719 000000AC E7FE            B                .
  720 000000AE                 ENDP
  721 000000AE         
  723 000000AE         TIMER4A_Handler
                               PROC
  724 000000AE                 EXPORT           TIMER4A_Handler [WEAK]
  725 000000AE E7FE            B                .
  726 000000B0                 ENDP
  727 000000B0         
  729 000000B0         TIMER4B_Handler
                               PROC
  730 000000B0                 EXPORT           TIMER4B_Handler [WEAK]
  731 000000B0 E7FE            B                .
  732 000000B2                 ENDP
  733 000000B2         
  735 000000B2         TIMER5A_Handler
                               PROC
  736 000000B2                 EXPORT           TIMER5A_Handler [WEAK]
  737 000000B2 E7FE            B                .
  738 000000B4                 ENDP
  739 000000B4         
  741 000000B4         TIMER5B_Handler
                               PROC
  742 000000B4                 EXPORT           TIMER5B_Handler [WEAK]
  743 000000B4 E7FE            B                .
  744 000000B6                 ENDP
  745 000000B6         
  747 000000B6         WTIMER0A_Handler
                               PROC
  748 000000B6                 EXPORT           WTIMER0A_Handler [WEAK]
  749 000000B6 E7FE            B                .
  750 000000B8                 ENDP
  751 000000B8         
  753 000000B8         WTIMER0B_Handler
                               PROC
  754 000000B8                 EXPORT           WTIMER0B_Handler [WEAK]
  755 000000B8 E7FE            B                .
  756 000000BA                 ENDP
  757 000000BA         
  759 000000BA         WTIMER1A_Handler
                               PROC
  760 000000BA                 EXPORT           WTIMER1A_Handler [WEAK]
  761 000000BA E7FE            B                .
  762 000000BC                 ENDP
  763 000000BC         
  765 000000BC         WTIMER1B_Handler
                               PROC
  766 000000BC                 EXPORT           WTIMER1B_Handler [WEAK]
  767 000000BC E7FE            B                .
  768 000000BE                 ENDP
  769 000000BE         
  771 000000BE         WTIMER2A_Handler



ARM Macro Assembler    Page 17 


                               PROC
  772 000000BE                 EXPORT           WTIMER2A_Handler [WEAK]
  773 000000BE E7FE            B                .
  774 000000C0                 ENDP
  775 000000C0         
  777 000000C0         WTIMER2B_Handler
                               PROC
  778 000000C0                 EXPORT           WTIMER2B_Handler [WEAK]
  779 000000C0 E7FE            B                .
  780 000000C2                 ENDP
  781 000000C2         
  783 000000C2         WTIMER3A_Handler
                               PROC
  784 000000C2                 EXPORT           WTIMER3A_Handler [WEAK]
  785 000000C2 E7FE            B                .
  786 000000C4                 ENDP
  787 000000C4         
  789 000000C4         WTIMER3B_Handler
                               PROC
  790 000000C4                 EXPORT           WTIMER3B_Handler [WEAK]
  791 000000C4 E7FE            B                .
  792 000000C6                 ENDP
  793 000000C6         
  795 000000C6         WTIMER4A_Handler
                               PROC
  796 000000C6                 EXPORT           WTIMER4A_Handler [WEAK]
  797 000000C6 E7FE            B                .
  798 000000C8                 ENDP
  799 000000C8         
  801 000000C8         WTIMER4B_Handler
                               PROC
  802 000000C8                 EXPORT           WTIMER4B_Handler [WEAK]
  803 000000C8 E7FE            B                .
  804 000000CA                 ENDP
  805 000000CA         
  807 000000CA         WTIMER5A_Handler
                               PROC
  808 000000CA                 EXPORT           WTIMER5A_Handler [WEAK]
  809 000000CA E7FE            B                .
  810 000000CC                 ENDP
  811 000000CC         
  813 000000CC         WTIMER5B_Handler
                               PROC
  814 000000CC                 EXPORT           WTIMER5B_Handler [WEAK]
  815 000000CC E7FE            B                .
  816 000000CE                 ENDP
  817 000000CE         
  819 000000CE         FPU_Handler
                               PROC
  820 000000CE                 EXPORT           FPU_Handler [WEAK]
  821 000000CE E7FE            B                .
  822 000000D0                 ENDP
  823 000000D0         
  825 000000D0         I2C4_Handler
                               PROC
  826 000000D0                 EXPORT           I2C4_Handler [WEAK]
  827 000000D0 E7FE            B                .
  828 000000D2                 ENDP
  829 000000D2         



ARM Macro Assembler    Page 18 


  831 000000D2         I2C5_Handler
                               PROC
  832 000000D2                 EXPORT           I2C5_Handler [WEAK]
  833 000000D2 E7FE            B                .
  834 000000D4                 ENDP
  835 000000D4         
  837 000000D4         GPIOM_Handler
                               PROC
  838 000000D4                 EXPORT           GPIOM_Handler [WEAK]
  839 000000D4 E7FE            B                .
  840 000000D6                 ENDP
  841 000000D6         
  843 000000D6         GPION_Handler
                               PROC
  844 000000D6                 EXPORT           GPION_Handler [WEAK]
  845 000000D6 E7FE            B                .
  846 000000D8                 ENDP
  847 000000D8         
  849 000000D8         QEI2_Handler
                               PROC
  850 000000D8                 EXPORT           QEI2_Handler [WEAK]
  851 000000D8 E7FE            B                .
  852 000000DA                 ENDP
  853 000000DA         
  855 000000DA         GPIOP0_Handler
                               PROC
  856 000000DA                 EXPORT           GPIOP0_Handler [WEAK]
  857 000000DA E7FE            B                .
  858 000000DC                 ENDP
  859 000000DC         
  861 000000DC         GPIOP1_Handler
                               PROC
  862 000000DC                 EXPORT           GPIOP1_Handler [WEAK]
  863 000000DC E7FE            B                .
  864 000000DE                 ENDP
  865 000000DE         
  867 000000DE         GPIOP2_Handler
                               PROC
  868 000000DE                 EXPORT           GPIOP2_Handler [WEAK]
  869 000000DE E7FE            B                .
  870 000000E0                 ENDP
  871 000000E0         
  873 000000E0         GPIOP3_Handler
                               PROC
  874 000000E0                 EXPORT           GPIOP3_Handler [WEAK]
  875 000000E0 E7FE            B                .
  876 000000E2                 ENDP
  877 000000E2         
  879 000000E2         GPIOP4_Handler
                               PROC
  880 000000E2                 EXPORT           GPIOP4_Handler [WEAK]
  881 000000E2 E7FE            B                .
  882 000000E4                 ENDP
  883 000000E4         
  885 000000E4         GPIOP5_Handler
                               PROC
  886 000000E4                 EXPORT           GPIOP5_Handler [WEAK]
  887 000000E4 E7FE            B                .
  888 000000E6                 ENDP



ARM Macro Assembler    Page 19 


  889 000000E6         
  891 000000E6         GPIOP6_Handler
                               PROC
  892 000000E6                 EXPORT           GPIOP6_Handler [WEAK]
  893 000000E6 E7FE            B                .
  894 000000E8                 ENDP
  895 000000E8         
  897 000000E8         GPIOP7_Handler
                               PROC
  898 000000E8                 EXPORT           GPIOP7_Handler [WEAK]
  899 000000E8 E7FE            B                .
  900 000000EA                 ENDP
  901 000000EA         
  903 000000EA         GPIOQ0_Handler
                               PROC
  904 000000EA                 EXPORT           GPIOQ0_Handler [WEAK]
  905 000000EA E7FE            B                .
  906 000000EC                 ENDP
  907 000000EC         
  909 000000EC         GPIOQ1_Handler
                               PROC
  910 000000EC                 EXPORT           GPIOQ1_Handler [WEAK]
  911 000000EC E7FE            B                .
  912 000000EE                 ENDP
  913 000000EE         
  915 000000EE         GPIOQ2_Handler
                               PROC
  916 000000EE                 EXPORT           GPIOQ2_Handler [WEAK]
  917 000000EE E7FE            B                .
  918 000000F0                 ENDP
  919 000000F0         
  921 000000F0         GPIOQ3_Handler
                               PROC
  922 000000F0                 EXPORT           GPIOQ3_Handler [WEAK]
  923 000000F0 E7FE            B                .
  924 000000F2                 ENDP
  925 000000F2         
  927 000000F2         GPIOQ4_Handler
                               PROC
  928 000000F2                 EXPORT           GPIOQ4_Handler [WEAK]
  929 000000F2 E7FE            B                .
  930 000000F4                 ENDP
  931 000000F4         
  933 000000F4         GPIOQ5_Handler
                               PROC
  934 000000F4                 EXPORT           GPIOQ5_Handler [WEAK]
  935 000000F4 E7FE            B                .
  936 000000F6                 ENDP
  937 000000F6         
  939 000000F6         GPIOQ6_Handler
                               PROC
  940 000000F6                 EXPORT           GPIOQ6_Handler [WEAK]
  941 000000F6 E7FE            B                .
  942 000000F8                 ENDP
  943 000000F8         
  945 000000F8         GPIOQ7_Handler
                               PROC
  946 000000F8                 EXPORT           GPIOQ7_Handler [WEAK]
  947 000000F8 E7FE            B                .



ARM Macro Assembler    Page 20 


  948 000000FA                 ENDP
  949 000000FA         
  951 000000FA         GPIOR_Handler
                               PROC
  952 000000FA                 EXPORT           GPIOR_Handler [WEAK]
  953 000000FA E7FE            B                .
  954 000000FC                 ENDP
  955 000000FC         
  957 000000FC         GPIOS_Handler
                               PROC
  958 000000FC                 EXPORT           GPIOS_Handler [WEAK]
  959 000000FC E7FE            B                .
  960 000000FE                 ENDP
  961 000000FE         
  963 000000FE         PMW1_0_Handler
                               PROC
  964 000000FE                 EXPORT           PMW1_0_Handler [WEAK]
  965 000000FE E7FE            B                .
  966 00000100                 ENDP
  967 00000100         
  969 00000100         PWM1_1_Handler
                               PROC
  970 00000100                 EXPORT           PWM1_1_Handler [WEAK]
  971 00000100 E7FE            B                .
  972 00000102                 ENDP
  973 00000102         
  975 00000102         PWM1_2_Handler
                               PROC
  976 00000102                 EXPORT           PWM1_2_Handler [WEAK]
  977 00000102 E7FE            B                .
  978 00000104                 ENDP
  979 00000104         
  981 00000104         PWM1_3_Handler
                               PROC
  982 00000104                 EXPORT           PWM1_3_Handler [WEAK]
  983 00000104 E7FE            B                .
  984 00000106                 ENDP
  985 00000106         
  987 00000106         PWM1_FAULT_Handler
                               PROC
  988 00000106                 EXPORT           PWM1_FAULT_Handler [WEAK]
  989 00000106 E7FE            B                .
  990 00000108                 ENDP
  991 00000108         
  992 00000108                 ALIGN
  993 00000108         
  994 00000108         
  995 00000108         ; User Initial Stack & Heap
  996 00000108         
  997 00000108                 IF               :DEF:__MICROLIB
 1004 00000108         
 1005 00000108                 IMPORT           __use_two_region_memory
 1006 00000108                 EXPORT           __user_initial_stackheap
 1007 00000108         __user_initial_stackheap
 1008 00000108         
 1009 00000108 4803            LDR              R0, =  Heap_Mem
 1010 0000010A 4904            LDR              R1, =(Stack_Mem + Stack_Size)
 1011 0000010C 4A04            LDR              R2, = (Heap_Mem +  Heap_Size)
 1012 0000010E 4B05            LDR              R3, = Stack_Mem



ARM Macro Assembler    Page 21 


 1013 00000110 4770            BX               LR
 1014 00000112         
 1015 00000112 00 00           ALIGN
 1016 00000114         
 1017 00000114                 ENDIF
 1018 00000114         
 1019 00000114         
 1020 00000114                 END
              00000000 
              00000000 
              00000400 
              00000400 
              00000000 
Command Line: --debug --xref --cpu=Cortex-M4 --apcs=interwork --depend=.\startu
p_tm4c123.d -o.\startup_tm4c123.o -IC:\Keil\ARM\RV31\INC -IC:\Keil\ARM\CMSIS\In
clude -IC:\Keil\ARM\Inc\TI\TM4C123 --list=.\startup_tm4c123.lst startup_TM4C123
.s



ARM Macro Assembler    Page 1 Alphabetic symbol ordering
Relocatable symbols

STACK 00000000

Symbol: STACK
   Definitions
      At line 35 in file startup_TM4C123.s
   Uses
      None
Comment: STACK unused
Stack_Mem 00000000

Symbol: Stack_Mem
   Definitions
      At line 36 in file startup_TM4C123.s
   Uses
      At line 1010 in file startup_TM4C123.s
      At line 1012 in file startup_TM4C123.s

__initial_sp 00000400

Symbol: __initial_sp
   Definitions
      At line 37 in file startup_TM4C123.s
   Uses
      At line 63 in file startup_TM4C123.s
Comment: __initial_sp used once
3 symbols



ARM Macro Assembler    Page 1 Alphabetic symbol ordering
Relocatable symbols

HEAP 00000000

Symbol: HEAP
   Definitions
      At line 46 in file startup_TM4C123.s
   Uses
      None
Comment: HEAP unused
Heap_Mem 00000000

Symbol: Heap_Mem
   Definitions
      At line 48 in file startup_TM4C123.s
   Uses
      At line 1009 in file startup_TM4C123.s
      At line 1011 in file startup_TM4C123.s

__heap_base 00000000

Symbol: __heap_base
   Definitions
      At line 47 in file startup_TM4C123.s
   Uses
      None
Comment: __heap_base unused
__heap_limit 00000400

Symbol: __heap_limit
   Definitions
      At line 49 in file startup_TM4C123.s
   Uses
      None
Comment: __heap_limit unused
4 symbols



ARM Macro Assembler    Page 1 Alphabetic symbol ordering
Relocatable symbols

RESET 00000000

Symbol: RESET
   Definitions
      At line 58 in file startup_TM4C123.s
   Uses
      None
Comment: RESET unused
__Vectors 00000000

Symbol: __Vectors
   Definitions
      At line 63 in file startup_TM4C123.s
   Uses
      At line 59 in file startup_TM4C123.s
      At line 224 in file startup_TM4C123.s

__Vectors_End 0000026C

Symbol: __Vectors_End
   Definitions
      At line 222 in file startup_TM4C123.s
   Uses
      At line 60 in file startup_TM4C123.s
      At line 224 in file startup_TM4C123.s

3 symbols



ARM Macro Assembler    Page 1 Alphabetic symbol ordering
Relocatable symbols

.text 00000000

Symbol: .text
   Definitions
      At line 226 in file startup_TM4C123.s
   Uses
      None
Comment: .text unused
ADC0SS0_Handler 0000004C

Symbol: ADC0SS0_Handler
   Definitions
      At line 429 in file startup_TM4C123.s
   Uses
      At line 96 in file startup_TM4C123.s
      At line 430 in file startup_TM4C123.s

ADC0SS1_Handler 0000004E

Symbol: ADC0SS1_Handler
   Definitions
      At line 435 in file startup_TM4C123.s
   Uses
      At line 97 in file startup_TM4C123.s
      At line 436 in file startup_TM4C123.s

ADC0SS2_Handler 00000050

Symbol: ADC0SS2_Handler
   Definitions
      At line 441 in file startup_TM4C123.s
   Uses
      At line 98 in file startup_TM4C123.s
      At line 442 in file startup_TM4C123.s

ADC0SS3_Handler 00000052

Symbol: ADC0SS3_Handler
   Definitions
      At line 447 in file startup_TM4C123.s
   Uses
      At line 99 in file startup_TM4C123.s
      At line 448 in file startup_TM4C123.s

ADC1SS0_Handler 0000008E

Symbol: ADC1SS0_Handler
   Definitions
      At line 627 in file startup_TM4C123.s
   Uses
      At line 130 in file startup_TM4C123.s
      At line 628 in file startup_TM4C123.s

ADC1SS1_Handler 00000090

Symbol: ADC1SS1_Handler
   Definitions
      At line 633 in file startup_TM4C123.s
   Uses



ARM Macro Assembler    Page 2 Alphabetic symbol ordering
Relocatable symbols

      At line 131 in file startup_TM4C123.s
      At line 634 in file startup_TM4C123.s

ADC1SS2_Handler 00000092

Symbol: ADC1SS2_Handler
   Definitions
      At line 639 in file startup_TM4C123.s
   Uses
      At line 132 in file startup_TM4C123.s
      At line 640 in file startup_TM4C123.s

ADC1SS3_Handler 00000094

Symbol: ADC1SS3_Handler
   Definitions
      At line 645 in file startup_TM4C123.s
   Uses
      At line 133 in file startup_TM4C123.s
      At line 646 in file startup_TM4C123.s

BusFault_Handler 00000024

Symbol: BusFault_Handler
   Definitions
      At line 315 in file startup_TM4C123.s
   Uses
      At line 68 in file startup_TM4C123.s
      At line 316 in file startup_TM4C123.s

CAN0_Handler 0000007E

Symbol: CAN0_Handler
   Definitions
      At line 579 in file startup_TM4C123.s
   Uses
      At line 121 in file startup_TM4C123.s
      At line 580 in file startup_TM4C123.s

CAN1_Handler 00000080

Symbol: CAN1_Handler
   Definitions
      At line 585 in file startup_TM4C123.s
   Uses
      At line 122 in file startup_TM4C123.s
      At line 586 in file startup_TM4C123.s

CAN2_Handler 00000082

Symbol: CAN2_Handler
   Definitions
      At line 591 in file startup_TM4C123.s
   Uses
      At line 123 in file startup_TM4C123.s
      At line 592 in file startup_TM4C123.s

COMP0_Handler 00000062




ARM Macro Assembler    Page 3 Alphabetic symbol ordering
Relocatable symbols

Symbol: COMP0_Handler
   Definitions
      At line 495 in file startup_TM4C123.s
   Uses
      At line 107 in file startup_TM4C123.s
      At line 496 in file startup_TM4C123.s

COMP1_Handler 00000064

Symbol: COMP1_Handler
   Definitions
      At line 501 in file startup_TM4C123.s
   Uses
      At line 108 in file startup_TM4C123.s
      At line 502 in file startup_TM4C123.s

COMP2_Handler 00000066

Symbol: COMP2_Handler
   Definitions
      At line 507 in file startup_TM4C123.s
   Uses
      At line 109 in file startup_TM4C123.s
      At line 508 in file startup_TM4C123.s

DebugMon_Handler 0000002A

Symbol: DebugMon_Handler
   Definitions
      At line 329 in file startup_TM4C123.s
   Uses
      At line 75 in file startup_TM4C123.s
      At line 330 in file startup_TM4C123.s

DisableInterrupts 00000004

Symbol: DisableInterrupts
   Definitions
      At line 251 in file startup_TM4C123.s
   Uses
      At line 252 in file startup_TM4C123.s
Comment: DisableInterrupts used once
EnableInterrupts 00000008

Symbol: EnableInterrupts
   Definitions
      At line 261 in file startup_TM4C123.s
   Uses
      At line 262 in file startup_TM4C123.s
Comment: EnableInterrupts used once
EndCritical 00000014

Symbol: EndCritical
   Definitions
      At line 282 in file startup_TM4C123.s
   Uses
      At line 283 in file startup_TM4C123.s
Comment: EndCritical used once
FLASH_Handler 0000006A



ARM Macro Assembler    Page 4 Alphabetic symbol ordering
Relocatable symbols


Symbol: FLASH_Handler
   Definitions
      At line 519 in file startup_TM4C123.s
   Uses
      At line 111 in file startup_TM4C123.s
      At line 520 in file startup_TM4C123.s

FPU_Handler 000000CE

Symbol: FPU_Handler
   Definitions
      At line 819 in file startup_TM4C123.s
   Uses
      At line 188 in file startup_TM4C123.s
      At line 820 in file startup_TM4C123.s

GPIOA_Handler 00000030

Symbol: GPIOA_Handler
   Definitions
      At line 345 in file startup_TM4C123.s
   Uses
      At line 82 in file startup_TM4C123.s
      At line 346 in file startup_TM4C123.s

GPIOB_Handler 00000032

Symbol: GPIOB_Handler
   Definitions
      At line 351 in file startup_TM4C123.s
   Uses
      At line 83 in file startup_TM4C123.s
      At line 352 in file startup_TM4C123.s

GPIOC_Handler 00000034

Symbol: GPIOC_Handler
   Definitions
      At line 357 in file startup_TM4C123.s
   Uses
      At line 84 in file startup_TM4C123.s
      At line 358 in file startup_TM4C123.s

GPIOD_Handler 00000036

Symbol: GPIOD_Handler
   Definitions
      At line 363 in file startup_TM4C123.s
   Uses
      At line 85 in file startup_TM4C123.s
      At line 364 in file startup_TM4C123.s

GPIOE_Handler 00000038

Symbol: GPIOE_Handler
   Definitions
      At line 369 in file startup_TM4C123.s
   Uses



ARM Macro Assembler    Page 5 Alphabetic symbol ordering
Relocatable symbols

      At line 86 in file startup_TM4C123.s
      At line 370 in file startup_TM4C123.s

GPIOF_Handler 0000006C

Symbol: GPIOF_Handler
   Definitions
      At line 525 in file startup_TM4C123.s
   Uses
      At line 112 in file startup_TM4C123.s
      At line 526 in file startup_TM4C123.s

GPIOG_Handler 0000006E

Symbol: GPIOG_Handler
   Definitions
      At line 531 in file startup_TM4C123.s
   Uses
      At line 113 in file startup_TM4C123.s
      At line 532 in file startup_TM4C123.s

GPIOH_Handler 00000070

Symbol: GPIOH_Handler
   Definitions
      At line 537 in file startup_TM4C123.s
   Uses
      At line 114 in file startup_TM4C123.s
      At line 538 in file startup_TM4C123.s

GPIOJ_Handler 00000096

Symbol: GPIOJ_Handler
   Definitions
      At line 651 in file startup_TM4C123.s
   Uses
      At line 136 in file startup_TM4C123.s
      At line 652 in file startup_TM4C123.s

GPIOK_Handler 00000098

Symbol: GPIOK_Handler
   Definitions
      At line 657 in file startup_TM4C123.s
   Uses
      At line 137 in file startup_TM4C123.s
      At line 658 in file startup_TM4C123.s

GPIOL_Handler 0000009A

Symbol: GPIOL_Handler
   Definitions
      At line 663 in file startup_TM4C123.s
   Uses
      At line 138 in file startup_TM4C123.s
      At line 664 in file startup_TM4C123.s

GPIOM_Handler 000000D4




ARM Macro Assembler    Page 6 Alphabetic symbol ordering
Relocatable symbols

Symbol: GPIOM_Handler
   Definitions
      At line 837 in file startup_TM4C123.s
   Uses
      At line 193 in file startup_TM4C123.s
      At line 838 in file startup_TM4C123.s

GPION_Handler 000000D6

Symbol: GPION_Handler
   Definitions
      At line 843 in file startup_TM4C123.s
   Uses
      At line 194 in file startup_TM4C123.s
      At line 844 in file startup_TM4C123.s

GPIOP0_Handler 000000DA

Symbol: GPIOP0_Handler
   Definitions
      At line 855 in file startup_TM4C123.s
   Uses
      At line 198 in file startup_TM4C123.s
      At line 856 in file startup_TM4C123.s

GPIOP1_Handler 000000DC

Symbol: GPIOP1_Handler
   Definitions
      At line 861 in file startup_TM4C123.s
   Uses
      At line 199 in file startup_TM4C123.s
      At line 862 in file startup_TM4C123.s

GPIOP2_Handler 000000DE

Symbol: GPIOP2_Handler
   Definitions
      At line 867 in file startup_TM4C123.s
   Uses
      At line 200 in file startup_TM4C123.s
      At line 868 in file startup_TM4C123.s

GPIOP3_Handler 000000E0

Symbol: GPIOP3_Handler
   Definitions
      At line 873 in file startup_TM4C123.s
   Uses
      At line 201 in file startup_TM4C123.s
      At line 874 in file startup_TM4C123.s

GPIOP4_Handler 000000E2

Symbol: GPIOP4_Handler
   Definitions
      At line 879 in file startup_TM4C123.s
   Uses
      At line 202 in file startup_TM4C123.s



ARM Macro Assembler    Page 7 Alphabetic symbol ordering
Relocatable symbols

      At line 880 in file startup_TM4C123.s

GPIOP5_Handler 000000E4

Symbol: GPIOP5_Handler
   Definitions
      At line 885 in file startup_TM4C123.s
   Uses
      At line 203 in file startup_TM4C123.s
      At line 886 in file startup_TM4C123.s

GPIOP6_Handler 000000E6

Symbol: GPIOP6_Handler
   Definitions
      At line 891 in file startup_TM4C123.s
   Uses
      At line 204 in file startup_TM4C123.s
      At line 892 in file startup_TM4C123.s

GPIOP7_Handler 000000E8

Symbol: GPIOP7_Handler
   Definitions
      At line 897 in file startup_TM4C123.s
   Uses
      At line 205 in file startup_TM4C123.s
      At line 898 in file startup_TM4C123.s

GPIOQ0_Handler 000000EA

Symbol: GPIOQ0_Handler
   Definitions
      At line 903 in file startup_TM4C123.s
   Uses
      At line 206 in file startup_TM4C123.s
      At line 904 in file startup_TM4C123.s

GPIOQ1_Handler 000000EC

Symbol: GPIOQ1_Handler
   Definitions
      At line 909 in file startup_TM4C123.s
   Uses
      At line 207 in file startup_TM4C123.s
      At line 910 in file startup_TM4C123.s

GPIOQ2_Handler 000000EE

Symbol: GPIOQ2_Handler
   Definitions
      At line 915 in file startup_TM4C123.s
   Uses
      At line 208 in file startup_TM4C123.s
      At line 916 in file startup_TM4C123.s

GPIOQ3_Handler 000000F0

Symbol: GPIOQ3_Handler



ARM Macro Assembler    Page 8 Alphabetic symbol ordering
Relocatable symbols

   Definitions
      At line 921 in file startup_TM4C123.s
   Uses
      At line 209 in file startup_TM4C123.s
      At line 922 in file startup_TM4C123.s

GPIOQ4_Handler 000000F2

Symbol: GPIOQ4_Handler
   Definitions
      At line 927 in file startup_TM4C123.s
   Uses
      At line 210 in file startup_TM4C123.s
      At line 928 in file startup_TM4C123.s

GPIOQ5_Handler 000000F4

Symbol: GPIOQ5_Handler
   Definitions
      At line 933 in file startup_TM4C123.s
   Uses
      At line 211 in file startup_TM4C123.s
      At line 934 in file startup_TM4C123.s

GPIOQ6_Handler 000000F6

Symbol: GPIOQ6_Handler
   Definitions
      At line 939 in file startup_TM4C123.s
   Uses
      At line 212 in file startup_TM4C123.s
      At line 940 in file startup_TM4C123.s

GPIOQ7_Handler 000000F8

Symbol: GPIOQ7_Handler
   Definitions
      At line 945 in file startup_TM4C123.s
   Uses
      At line 213 in file startup_TM4C123.s
      At line 946 in file startup_TM4C123.s

GPIOR_Handler 000000FA

Symbol: GPIOR_Handler
   Definitions
      At line 951 in file startup_TM4C123.s
   Uses
      At line 214 in file startup_TM4C123.s
      At line 952 in file startup_TM4C123.s

GPIOS_Handler 000000FC

Symbol: GPIOS_Handler
   Definitions
      At line 957 in file startup_TM4C123.s
   Uses
      At line 215 in file startup_TM4C123.s
      At line 958 in file startup_TM4C123.s



ARM Macro Assembler    Page 9 Alphabetic symbol ordering
Relocatable symbols


HIB_Handler 00000084

Symbol: HIB_Handler
   Definitions
      At line 597 in file startup_TM4C123.s
   Uses
      At line 125 in file startup_TM4C123.s
      At line 598 in file startup_TM4C123.s

HardFault_Handler 00000020

Symbol: HardFault_Handler
   Definitions
      At line 305 in file startup_TM4C123.s
   Uses
      At line 66 in file startup_TM4C123.s
      At line 306 in file startup_TM4C123.s

I2C0_Handler 00000040

Symbol: I2C0_Handler
   Definitions
      At line 393 in file startup_TM4C123.s
   Uses
      At line 90 in file startup_TM4C123.s
      At line 394 in file startup_TM4C123.s

I2C1_Handler 0000007A

Symbol: I2C1_Handler
   Definitions
      At line 567 in file startup_TM4C123.s
   Uses
      At line 119 in file startup_TM4C123.s
      At line 568 in file startup_TM4C123.s

I2C2_Handler 000000AA

Symbol: I2C2_Handler
   Definitions
      At line 711 in file startup_TM4C123.s
   Uses
      At line 150 in file startup_TM4C123.s
      At line 712 in file startup_TM4C123.s

I2C3_Handler 000000AC

Symbol: I2C3_Handler
   Definitions
      At line 717 in file startup_TM4C123.s
   Uses
      At line 151 in file startup_TM4C123.s
      At line 718 in file startup_TM4C123.s

I2C4_Handler 000000D0

Symbol: I2C4_Handler
   Definitions



ARM Macro Assembler    Page 10 Alphabetic symbol ordering
Relocatable symbols

      At line 825 in file startup_TM4C123.s
   Uses
      At line 191 in file startup_TM4C123.s
      At line 826 in file startup_TM4C123.s

I2C5_Handler 000000D2

Symbol: I2C5_Handler
   Definitions
      At line 831 in file startup_TM4C123.s
   Uses
      At line 192 in file startup_TM4C123.s
      At line 832 in file startup_TM4C123.s

MemManage_Handler 00000022

Symbol: MemManage_Handler
   Definitions
      At line 310 in file startup_TM4C123.s
   Uses
      At line 67 in file startup_TM4C123.s
      At line 311 in file startup_TM4C123.s

NMI_Handler 0000001E

Symbol: NMI_Handler
   Definitions
      At line 300 in file startup_TM4C123.s
   Uses
      At line 65 in file startup_TM4C123.s
      At line 301 in file startup_TM4C123.s

PMW0_FAULT_Handler 00000042

Symbol: PMW0_FAULT_Handler
   Definitions
      At line 399 in file startup_TM4C123.s
   Uses
      At line 91 in file startup_TM4C123.s
      At line 400 in file startup_TM4C123.s

PMW1_0_Handler 000000FE

Symbol: PMW1_0_Handler
   Definitions
      At line 963 in file startup_TM4C123.s
   Uses
      At line 216 in file startup_TM4C123.s
      At line 964 in file startup_TM4C123.s

PWM0_0_Handler 00000044

Symbol: PWM0_0_Handler
   Definitions
      At line 405 in file startup_TM4C123.s
   Uses
      At line 92 in file startup_TM4C123.s
      At line 406 in file startup_TM4C123.s




ARM Macro Assembler    Page 11 Alphabetic symbol ordering
Relocatable symbols

PWM0_1_Handler 00000046

Symbol: PWM0_1_Handler
   Definitions
      At line 411 in file startup_TM4C123.s
   Uses
      At line 93 in file startup_TM4C123.s
      At line 412 in file startup_TM4C123.s

PWM0_2_Handler 00000048

Symbol: PWM0_2_Handler
   Definitions
      At line 417 in file startup_TM4C123.s
   Uses
      At line 94 in file startup_TM4C123.s
      At line 418 in file startup_TM4C123.s

PWM0_3_Handler 00000088

Symbol: PWM0_3_Handler
   Definitions
      At line 609 in file startup_TM4C123.s
   Uses
      At line 127 in file startup_TM4C123.s
      At line 610 in file startup_TM4C123.s

PWM1_1_Handler 00000100

Symbol: PWM1_1_Handler
   Definitions
      At line 969 in file startup_TM4C123.s
   Uses
      At line 217 in file startup_TM4C123.s
      At line 970 in file startup_TM4C123.s

PWM1_2_Handler 00000102

Symbol: PWM1_2_Handler
   Definitions
      At line 975 in file startup_TM4C123.s
   Uses
      At line 218 in file startup_TM4C123.s
      At line 976 in file startup_TM4C123.s

PWM1_3_Handler 00000104

Symbol: PWM1_3_Handler
   Definitions
      At line 981 in file startup_TM4C123.s
   Uses
      At line 219 in file startup_TM4C123.s
      At line 982 in file startup_TM4C123.s

PWM1_FAULT_Handler 00000106

Symbol: PWM1_FAULT_Handler
   Definitions
      At line 987 in file startup_TM4C123.s



ARM Macro Assembler    Page 12 Alphabetic symbol ordering
Relocatable symbols

   Uses
      At line 220 in file startup_TM4C123.s
      At line 988 in file startup_TM4C123.s

PendSV_Handler 0000002C

Symbol: PendSV_Handler
   Definitions
      At line 334 in file startup_TM4C123.s
   Uses
      At line 77 in file startup_TM4C123.s
      At line 335 in file startup_TM4C123.s

QEI0_Handler 0000004A

Symbol: QEI0_Handler
   Definitions
      At line 423 in file startup_TM4C123.s
   Uses
      At line 95 in file startup_TM4C123.s
      At line 424 in file startup_TM4C123.s

QEI1_Handler 0000007C

Symbol: QEI1_Handler
   Definitions
      At line 573 in file startup_TM4C123.s
   Uses
      At line 120 in file startup_TM4C123.s
      At line 574 in file startup_TM4C123.s

QEI2_Handler 000000D8

Symbol: QEI2_Handler
   Definitions
      At line 849 in file startup_TM4C123.s
   Uses
      At line 195 in file startup_TM4C123.s
      At line 850 in file startup_TM4C123.s

Reset_Handler 00000000

Symbol: Reset_Handler
   Definitions
      At line 231 in file startup_TM4C123.s
   Uses
      At line 64 in file startup_TM4C123.s
      At line 232 in file startup_TM4C123.s

SSI0_Handler 0000003E

Symbol: SSI0_Handler
   Definitions
      At line 387 in file startup_TM4C123.s
   Uses
      At line 89 in file startup_TM4C123.s
      At line 388 in file startup_TM4C123.s

SSI1_Handler 00000074



ARM Macro Assembler    Page 13 Alphabetic symbol ordering
Relocatable symbols


Symbol: SSI1_Handler
   Definitions
      At line 549 in file startup_TM4C123.s
   Uses
      At line 116 in file startup_TM4C123.s
      At line 550 in file startup_TM4C123.s

SSI2_Handler 0000009C

Symbol: SSI2_Handler
   Definitions
      At line 669 in file startup_TM4C123.s
   Uses
      At line 139 in file startup_TM4C123.s
      At line 670 in file startup_TM4C123.s

SSI3_Handler 0000009E

Symbol: SSI3_Handler
   Definitions
      At line 675 in file startup_TM4C123.s
   Uses
      At line 140 in file startup_TM4C123.s
      At line 676 in file startup_TM4C123.s

SVC_Handler 00000028

Symbol: SVC_Handler
   Definitions
      At line 324 in file startup_TM4C123.s
   Uses
      At line 74 in file startup_TM4C123.s
      At line 325 in file startup_TM4C123.s

SYSCTL_Handler 00000068

Symbol: SYSCTL_Handler
   Definitions
      At line 513 in file startup_TM4C123.s
   Uses
      At line 110 in file startup_TM4C123.s
      At line 514 in file startup_TM4C123.s

StartCritical 0000000C

Symbol: StartCritical
   Definitions
      At line 271 in file startup_TM4C123.s
   Uses
      At line 272 in file startup_TM4C123.s
Comment: StartCritical used once
SysTick_Handler 0000002E

Symbol: SysTick_Handler
   Definitions
      At line 339 in file startup_TM4C123.s
   Uses
      At line 78 in file startup_TM4C123.s



ARM Macro Assembler    Page 14 Alphabetic symbol ordering
Relocatable symbols

      At line 340 in file startup_TM4C123.s

TIMER0A_Handler 00000056

Symbol: TIMER0A_Handler
   Definitions
      At line 459 in file startup_TM4C123.s
   Uses
      At line 101 in file startup_TM4C123.s
      At line 460 in file startup_TM4C123.s

TIMER0B_Handler 00000058

Symbol: TIMER0B_Handler
   Definitions
      At line 465 in file startup_TM4C123.s
   Uses
      At line 102 in file startup_TM4C123.s
      At line 466 in file startup_TM4C123.s

TIMER1A_Handler 0000005A

Symbol: TIMER1A_Handler
   Definitions
      At line 471 in file startup_TM4C123.s
   Uses
      At line 103 in file startup_TM4C123.s
      At line 472 in file startup_TM4C123.s

TIMER1B_Handler 0000005C

Symbol: TIMER1B_Handler
   Definitions
      At line 477 in file startup_TM4C123.s
   Uses
      At line 104 in file startup_TM4C123.s
      At line 478 in file startup_TM4C123.s

TIMER2A_Handler 0000005E

Symbol: TIMER2A_Handler
   Definitions
      At line 483 in file startup_TM4C123.s
   Uses
      At line 105 in file startup_TM4C123.s
      At line 484 in file startup_TM4C123.s

TIMER2B_Handler 00000060

Symbol: TIMER2B_Handler
   Definitions
      At line 489 in file startup_TM4C123.s
   Uses
      At line 106 in file startup_TM4C123.s
      At line 490 in file startup_TM4C123.s

TIMER3A_Handler 00000076

Symbol: TIMER3A_Handler



ARM Macro Assembler    Page 15 Alphabetic symbol ordering
Relocatable symbols

   Definitions
      At line 555 in file startup_TM4C123.s
   Uses
      At line 117 in file startup_TM4C123.s
      At line 556 in file startup_TM4C123.s

TIMER3B_Handler 00000078

Symbol: TIMER3B_Handler
   Definitions
      At line 561 in file startup_TM4C123.s
   Uses
      At line 118 in file startup_TM4C123.s
      At line 562 in file startup_TM4C123.s

TIMER4A_Handler 000000AE

Symbol: TIMER4A_Handler
   Definitions
      At line 723 in file startup_TM4C123.s
   Uses
      At line 152 in file startup_TM4C123.s
      At line 724 in file startup_TM4C123.s

TIMER4B_Handler 000000B0

Symbol: TIMER4B_Handler
   Definitions
      At line 729 in file startup_TM4C123.s
   Uses
      At line 153 in file startup_TM4C123.s
      At line 730 in file startup_TM4C123.s

TIMER5A_Handler 000000B2

Symbol: TIMER5A_Handler
   Definitions
      At line 735 in file startup_TM4C123.s
   Uses
      At line 174 in file startup_TM4C123.s
      At line 736 in file startup_TM4C123.s

TIMER5B_Handler 000000B4

Symbol: TIMER5B_Handler
   Definitions
      At line 741 in file startup_TM4C123.s
   Uses
      At line 175 in file startup_TM4C123.s
      At line 742 in file startup_TM4C123.s

UART0_Handler 0000003A

Symbol: UART0_Handler
   Definitions
      At line 375 in file startup_TM4C123.s
   Uses
      At line 87 in file startup_TM4C123.s
      At line 376 in file startup_TM4C123.s



ARM Macro Assembler    Page 16 Alphabetic symbol ordering
Relocatable symbols


UART1_Handler 0000003C

Symbol: UART1_Handler
   Definitions
      At line 381 in file startup_TM4C123.s
   Uses
      At line 88 in file startup_TM4C123.s
      At line 382 in file startup_TM4C123.s

UART2_Handler 00000072

Symbol: UART2_Handler
   Definitions
      At line 543 in file startup_TM4C123.s
   Uses
      At line 115 in file startup_TM4C123.s
      At line 544 in file startup_TM4C123.s

UART3_Handler 000000A0

Symbol: UART3_Handler
   Definitions
      At line 681 in file startup_TM4C123.s
   Uses
      At line 141 in file startup_TM4C123.s
      At line 682 in file startup_TM4C123.s

UART4_Handler 000000A2

Symbol: UART4_Handler
   Definitions
      At line 687 in file startup_TM4C123.s
   Uses
      At line 142 in file startup_TM4C123.s
      At line 688 in file startup_TM4C123.s

UART5_Handler 000000A4

Symbol: UART5_Handler
   Definitions
      At line 693 in file startup_TM4C123.s
   Uses
      At line 143 in file startup_TM4C123.s
      At line 694 in file startup_TM4C123.s

UART6_Handler 000000A6

Symbol: UART6_Handler
   Definitions
      At line 699 in file startup_TM4C123.s
   Uses
      At line 144 in file startup_TM4C123.s
      At line 700 in file startup_TM4C123.s

UART7_Handler 000000A8

Symbol: UART7_Handler
   Definitions



ARM Macro Assembler    Page 17 Alphabetic symbol ordering
Relocatable symbols

      At line 705 in file startup_TM4C123.s
   Uses
      At line 145 in file startup_TM4C123.s
      At line 706 in file startup_TM4C123.s

UDMAERR_Handler 0000008C

Symbol: UDMAERR_Handler
   Definitions
      At line 621 in file startup_TM4C123.s
   Uses
      At line 129 in file startup_TM4C123.s
      At line 622 in file startup_TM4C123.s

UDMA_Handler 0000008A

Symbol: UDMA_Handler
   Definitions
      At line 615 in file startup_TM4C123.s
   Uses
      At line 128 in file startup_TM4C123.s
      At line 616 in file startup_TM4C123.s

USB0_Handler 00000086

Symbol: USB0_Handler
   Definitions
      At line 603 in file startup_TM4C123.s
   Uses
      At line 126 in file startup_TM4C123.s
      At line 604 in file startup_TM4C123.s

UsageFault_Handler 00000026

Symbol: UsageFault_Handler
   Definitions
      At line 320 in file startup_TM4C123.s
   Uses
      At line 69 in file startup_TM4C123.s
      At line 321 in file startup_TM4C123.s

WDT0_Handler 00000054

Symbol: WDT0_Handler
   Definitions
      At line 453 in file startup_TM4C123.s
   Uses
      At line 100 in file startup_TM4C123.s
      At line 454 in file startup_TM4C123.s

WTIMER0A_Handler 000000B6

Symbol: WTIMER0A_Handler
   Definitions
      At line 747 in file startup_TM4C123.s
   Uses
      At line 176 in file startup_TM4C123.s
      At line 748 in file startup_TM4C123.s




ARM Macro Assembler    Page 18 Alphabetic symbol ordering
Relocatable symbols

WTIMER0B_Handler 000000B8

Symbol: WTIMER0B_Handler
   Definitions
      At line 753 in file startup_TM4C123.s
   Uses
      At line 177 in file startup_TM4C123.s
      At line 754 in file startup_TM4C123.s

WTIMER1A_Handler 000000BA

Symbol: WTIMER1A_Handler
   Definitions
      At line 759 in file startup_TM4C123.s
   Uses
      At line 178 in file startup_TM4C123.s
      At line 760 in file startup_TM4C123.s

WTIMER1B_Handler 000000BC

Symbol: WTIMER1B_Handler
   Definitions
      At line 765 in file startup_TM4C123.s
   Uses
      At line 179 in file startup_TM4C123.s
      At line 766 in file startup_TM4C123.s

WTIMER2A_Handler 000000BE

Symbol: WTIMER2A_Handler
   Definitions
      At line 771 in file startup_TM4C123.s
   Uses
      At line 180 in file startup_TM4C123.s
      At line 772 in file startup_TM4C123.s

WTIMER2B_Handler 000000C0

Symbol: WTIMER2B_Handler
   Definitions
      At line 777 in file startup_TM4C123.s
   Uses
      At line 181 in file startup_TM4C123.s
      At line 778 in file startup_TM4C123.s

WTIMER3A_Handler 000000C2

Symbol: WTIMER3A_Handler
   Definitions
      At line 783 in file startup_TM4C123.s
   Uses
      At line 182 in file startup_TM4C123.s
      At line 784 in file startup_TM4C123.s

WTIMER3B_Handler 000000C4

Symbol: WTIMER3B_Handler
   Definitions
      At line 789 in file startup_TM4C123.s



ARM Macro Assembler    Page 19 Alphabetic symbol ordering
Relocatable symbols

   Uses
      At line 183 in file startup_TM4C123.s
      At line 790 in file startup_TM4C123.s

WTIMER4A_Handler 000000C6

Symbol: WTIMER4A_Handler
   Definitions
      At line 795 in file startup_TM4C123.s
   Uses
      At line 184 in file startup_TM4C123.s
      At line 796 in file startup_TM4C123.s

WTIMER4B_Handler 000000C8

Symbol: WTIMER4B_Handler
   Definitions
      At line 801 in file startup_TM4C123.s
   Uses
      At line 185 in file startup_TM4C123.s
      At line 802 in file startup_TM4C123.s

WTIMER5A_Handler 000000CA

Symbol: WTIMER5A_Handler
   Definitions
      At line 807 in file startup_TM4C123.s
   Uses
      At line 186 in file startup_TM4C123.s
      At line 808 in file startup_TM4C123.s

WTIMER5B_Handler 000000CC

Symbol: WTIMER5B_Handler
   Definitions
      At line 813 in file startup_TM4C123.s
   Uses
      At line 187 in file startup_TM4C123.s
      At line 814 in file startup_TM4C123.s

WaitForInterrupt 0000001A

Symbol: WaitForInterrupt
   Definitions
      At line 292 in file startup_TM4C123.s
   Uses
      At line 293 in file startup_TM4C123.s
Comment: WaitForInterrupt used once
__user_initial_stackheap 00000108

Symbol: __user_initial_stackheap
   Definitions
      At line 1007 in file startup_TM4C123.s
   Uses
      At line 1006 in file startup_TM4C123.s
Comment: __user_initial_stackheap used once
125 symbols



ARM Macro Assembler    Page 1 Alphabetic symbol ordering
Absolute symbols

Heap_Size 00000400

Symbol: Heap_Size
   Definitions
      At line 44 in file startup_TM4C123.s
   Uses
      At line 48 in file startup_TM4C123.s
      At line 1011 in file startup_TM4C123.s

Stack_Size 00000400

Symbol: Stack_Size
   Definitions
      At line 33 in file startup_TM4C123.s
   Uses
      At line 36 in file startup_TM4C123.s
      At line 1010 in file startup_TM4C123.s

__Vectors_Size 0000026C

Symbol: __Vectors_Size
   Definitions
      At line 224 in file startup_TM4C123.s
   Uses
      At line 61 in file startup_TM4C123.s
Comment: __Vectors_Size used once
3 symbols



ARM Macro Assembler    Page 1 Alphabetic symbol ordering
External symbols

__main 00000000

Symbol: __main
   Definitions
      At line 234 in file startup_TM4C123.s
   Uses
      At line 237 in file startup_TM4C123.s
Comment: __main used once
__use_two_region_memory 00000000

Symbol: __use_two_region_memory
   Definitions
      At line 1005 in file startup_TM4C123.s
   Uses
      None
Comment: __use_two_region_memory unused
2 symbols
474 symbols in table
